{
  "RSpec": {
    "coverage": {
      "/home/wadror/ruby/ratebeer/app/models/rating.rb": [
        1,
        1,
        1,
        null,
        1,
        null,
        null,
        null,
        1,
        0,
        null,
        null,
        null,
        null
      ],
      "/home/wadror/ruby/ratebeer/app/helpers/application_helper.rb": [
        1,
        null
      ],
      "/home/wadror/ruby/ratebeer/app/helpers/beer_clubs_helper.rb": [
        1,
        null
      ],
      "/home/wadror/ruby/ratebeer/app/helpers/beers_helper.rb": [
        1,
        null
      ],
      "/home/wadror/ruby/ratebeer/app/helpers/breweries_helper.rb": [
        1,
        null
      ],
      "/home/wadror/ruby/ratebeer/app/helpers/users_helper.rb": [
        1,
        null
      ],
      "/home/wadror/ruby/ratebeer/app/models/beer.rb": [
        1,
        1,
        1,
        1,
        1,
        1,
        1,
        1,
        1,
        null,
        null,
        1,
        8,
        null,
        null,
        1,
        0,
        0,
        null,
        null
      ],
      "/home/wadror/ruby/ratebeer/lib/rating_average.rb": [
        1,
        1,
        20,
        20,
        9,
        null,
        20,
        12,
        null,
        8,
        null,
        null,
        null
      ],
      "/home/wadror/ruby/ratebeer/app/models/style.rb": [
        1,
        1,
        1,
        11,
        null,
        null,
        null
      ],
      "/home/wadror/ruby/ratebeer/app/models/brewery.rb": [
        1,
        1,
        1,
        1,
        null,
        1,
        1,
        1,
        null,
        1,
        27,
        0,
        null,
        null,
        null,
        1,
        86,
        null,
        null,
        1,
        24,
        null,
        null,
        1,
        0,
        0,
        0,
        null,
        1,
        1,
        null,
        null,
        null,
        1,
        0,
        0,
        null,
        null
      ],
      "/home/wadror/ruby/ratebeer/app/models/user.rb": [
        1,
        1,
        1,
        1,
        1,
        null,
        1,
        1,
        null,
        1,
        3,
        2,
        null,
        null,
        1,
        0,
        null,
        null
      ],
      "/home/wadror/ruby/ratebeer/app/controllers/sessions_controller.rb": [
        1,
        1,
        null,
        null,
        null,
        1,
        11,
        11,
        10,
        10,
        null,
        1,
        null,
        null,
        null,
        1,
        0,
        0,
        null,
        null
      ],
      "/home/wadror/ruby/ratebeer/app/controllers/application_controller.rb": [
        1,
        null,
        null,
        1,
        null,
        1,
        null,
        1,
        162,
        125,
        null,
        null,
        1,
        4,
        null,
        null
      ],
      "/home/wadror/ruby/ratebeer/app/controllers/users_controller.rb": [
        1,
        1,
        null,
        null,
        null,
        1,
        0,
        null,
        null,
        null,
        null,
        1,
        null,
        null,
        null,
        1,
        1,
        null,
        null,
        null,
        1,
        null,
        null,
        null,
        null,
        1,
        1,
        null,
        1,
        1,
        2,
        1,
        null,
        0,
        0,
        null,
        null,
        null,
        null,
        null,
        null,
        1,
        0,
        0,
        0,
        0,
        null,
        0,
        0,
        null,
        null,
        null,
        null,
        null,
        null,
        1,
        0,
        0,
        0,
        0,
        0,
        null,
        null,
        null,
        1,
        null,
        1,
        18,
        null,
        null,
        null,
        1,
        1,
        null,
        null
      ],
      "/home/wadror/ruby/ratebeer/app/controllers/beers_controller.rb": [
        1,
        1,
        1,
        1,
        1,
        4,
        4,
        null,
        null,
        null,
        null,
        null,
        1,
        1,
        null,
        null,
        null,
        null,
        1,
        0,
        0,
        null,
        null,
        null,
        1,
        2,
        null,
        null,
        null,
        1,
        null,
        null,
        null,
        null,
        1,
        2,
        null,
        2,
        2,
        2,
        1,
        null,
        2,
        1,
        null,
        null,
        null,
        null,
        null,
        null,
        1,
        0,
        0,
        0,
        0,
        null,
        0,
        0,
        null,
        null,
        null,
        null,
        null,
        null,
        1,
        0,
        0,
        0,
        0,
        null,
        null,
        null,
        1,
        null,
        1,
        0,
        null,
        null,
        null,
        1,
        2,
        null,
        null
      ],
      "/home/wadror/ruby/ratebeer/app/models/beer_club.rb": [
        1,
        null
      ],
      "/home/wadror/ruby/ratebeer/app/controllers/beer_clubs_controller.rb": [
        1,
        1,
        1,
        null,
        null,
        null,
        1,
        0,
        null,
        null,
        null,
        null,
        1,
        null,
        null,
        null,
        1,
        0,
        null,
        null,
        null,
        1,
        null,
        null,
        null,
        null,
        1,
        0,
        null,
        0,
        0,
        0,
        0,
        null,
        0,
        0,
        null,
        null,
        null,
        null,
        null,
        null,
        1,
        0,
        0,
        0,
        0,
        null,
        0,
        0,
        null,
        null,
        null,
        null,
        null,
        null,
        1,
        0,
        0,
        0,
        0,
        null,
        null,
        null,
        1,
        null,
        1,
        0,
        null,
        null,
        null,
        1,
        0,
        null,
        null
      ],
      "/home/wadror/ruby/ratebeer/app/controllers/breweries_controller.rb": [
        1,
        1,
        1,
        null,
        null,
        null,
        1,
        3,
        3,
        null,
        null,
        null,
        null,
        null,
        1,
        null,
        null,
        null,
        1,
        0,
        null,
        null,
        null,
        1,
        null,
        null,
        null,
        null,
        1,
        0,
        null,
        0,
        0,
        0,
        0,
        null,
        0,
        0,
        null,
        null,
        null,
        null,
        null,
        null,
        1,
        0,
        0,
        0,
        0,
        null,
        0,
        0,
        null,
        null,
        null,
        null,
        null,
        null,
        1,
        0,
        0,
        0,
        0,
        null,
        null,
        null,
        1,
        null,
        1,
        1,
        null,
        null,
        null,
        1,
        0,
        null,
        null,
        1,
        null,
        null,
        null
      ],
      "/home/wadror/ruby/ratebeer/lib/beermapping_api.rb": [
        1,
        1,
        2,
        4,
        null,
        null,
        null,
        1,
        null,
        1,
        2,
        null,
        2,
        1,
        null,
        1,
        null,
        1,
        1,
        1,
        null,
        null,
        null,
        1,
        null,
        null
      ],
      "/home/wadror/ruby/ratebeer/app/models/place.rb": [
        1,
        1,
        null,
        1,
        null,
        1,
        3,
        null,
        null,
        null,
        null
      ],
      "/home/wadror/ruby/ratebeer/app/controllers/places_controller.rb": [
        1,
        1,
        1,
        null,
        null,
        1,
        2,
        0,
        null,
        2,
        1,
        0,
        null,
        1,
        null,
        null,
        null,
        null,
        1,
        null,
        1,
        0,
        null,
        null
      ],
      "/home/wadror/ruby/ratebeer/app/controllers/ratings_controller.rb": [
        1,
        1,
        0,
        null,
        null,
        1,
        4,
        4,
        null,
        null,
        1,
        null,
        4,
        null,
        4,
        0,
        4,
        4,
        4,
        null,
        0,
        0,
        null,
        null,
        null,
        1,
        1,
        1,
        1,
        null,
        null
      ]
    },
    "timestamp": 1424034814
  }
}
